{"/home/raul4916/WebstormProjects/sampleProject/lib/foo.js":{"path":"/home/raul4916/WebstormProjects/sampleProject/lib/foo.js","s":{"1":1,"2":1,"3":1},"b":{},"f":{"1":1},"fnMap":{"1":{"name":"foo","line":1,"loc":{"start":{"line":1,"column":0},"end":{"line":1,"column":15}}}},"statementMap":{"1":{"start":{"line":1,"column":0},"end":{"line":3,"column":1}},"2":{"start":{"line":2,"column":2},"end":{"line":2,"column":15}},"3":{"start":{"line":5,"column":0},"end":{"line":5,"column":21}}},"branchMap":{}}}